============================= test session starts =============================
platform win32 -- Python 3.10.5, pytest-9.1.1, pluggy-1.6.0 -- C:\Users\weldo\Documents\PycharmProjects\Quotr\.venv\Scripts\python.exe
cachedir: .pytest_cache
rootdir: C:\Users\weldo\Documents\PycharmProjects\Quotr\tests
configfile: pytest.ini
plugins: timeout-2.4.0, xdist-3.8.0
timeout: 300000.0s
timeout method: thread
timeout func_only: False
collecting ... collected 117 items

tests\a11y\test_axe_core.py::TestAxeCore::test_login_page_accessibility SKIPPED [  0%]
tests\a11y\test_axe_core.py::TestAxeCore::test_dashboard_accessibility SKIPPED [  1%]
tests\a11y\test_axe_core.py::TestAxeCore::test_template_page_accessibility SKIPPED [  2%]
tests\a11y\test_axe_core.py::TestAxeCore::test_suppliers_page_accessibility SKIPPED [  3%]
tests\a11y\test_keyboard.py::TestKeyboardNavigation::test_tab_order_on_dashboard SKIPPED [  4%]
tests\a11y\test_keyboard.py::TestKeyboardNavigation::test_escape_closes_modal SKIPPED [  5%]
tests\ai\test_baseline.py::TestAIGoldenBaseline::test_detection_f1_within_go_range SKIPPED [  5%]
tests\ai\test_baseline.py::TestAIGoldenBaseline::test_bertscore_within_go_range SKIPPED [  6%]
tests\ai\test_baseline.py::TestAIGoldenBaseline::test_ragas_faithfulness_within_go_range SKIPPED [  7%]
tests\ai\test_baseline.py::TestAIGoldenBaseline::test_total_cost_error_within_go_range SKIPPED [  8%]
tests\ai\test_baseline.py::TestAISchema::test_output_conforms_to_schema SKIPPED [  9%]
tests\api\test_api_contract.py::TestResponseFormat::test_signin_returns_token FAILED [ 10%]
tests\api\test_api_contract.py::TestResponseFormat::test_authenticated_endpoints_return_200[/api/query-org] 